0 silly input []
1 silly flags {
1 silly flags   _: [ 'bootstrap' ],
1 silly flags   'reject-cycles': false,
1 silly flags   rejectCycles: false,
1 silly flags   args: []
1 silly flags }
2 verbose rootPath C:\xampp\htdocs\fleetcart
3 info version 2.11.0
4 silly existsSync C:\xampp\htdocs\fleetcart\VERSION
5 silly initialize attempt
6 silly npmConfig {
6 silly npmConfig   registry: undefined,
6 silly npmConfig   npmClient: 'yarn',
6 silly npmConfig   npmClientArgs: undefined,
6 silly npmConfig   mutex: 'network:42424'
6 silly npmConfig }
7 silly initialize success
8 silly execute attempt
9 info Bootstrapping 7 packages
10 info lifecycle preinstall
11 silly runScript preinstall admin-module
12 silly admin-module
13 silly runScript preinstall category-module
14 silly category-module
15 silly runScript preinstall media-module
16 silly media-module
17 silly runScript preinstall menu-module
18 silly menu-module
19 silly runScript preinstall translation-module
20 silly translation-module
21 silly runScript preinstall user-module
22 silly user-module
23 silly runScript preinstall storefront-theme
24 silly storefront-theme
25 silly hasDependencyInstalled admin-module bootstrap
26 silly dependencyIsSatisfied [
26 silly dependencyIsSatisfied   'bootstrap',
26 silly dependencyIsSatisfied   '^3.3.7',
26 silly dependencyIsSatisfied   'C:\\xampp\\htdocs\\fleetcart\\Modules\\Admin\\node_modules'
26 silly dependencyIsSatisfied ]
27 verbose dependencyIsSatisfied bootstrap false
28 silly hasDependencyInstalled storefront-theme bootstrap
29 silly dependencyIsSatisfied [
29 silly dependencyIsSatisfied   'bootstrap',
29 silly dependencyIsSatisfied   '^3.3.7',
29 silly dependencyIsSatisfied   'C:\\xampp\\htdocs\\fleetcart\\Themes\\Storefront\\node_modules'
29 silly dependencyIsSatisfied ]
30 verbose dependencyIsSatisfied bootstrap false
31 silly hasDependencyInstalled admin-module chart.js
32 silly dependencyIsSatisfied [
32 silly dependencyIsSatisfied   'chart.js',
32 silly dependencyIsSatisfied   '^2.7.3',
32 silly dependencyIsSatisfied   'C:\\xampp\\htdocs\\fleetcart\\Modules\\Admin\\node_modules'
32 silly dependencyIsSatisfied ]
33 verbose dependencyIsSatisfied chart.js false
34 silly hasDependencyInstalled admin-module datatables.net
35 silly dependencyIsSatisfied [
35 silly dependencyIsSatisfied   'datatables.net',
35 silly dependencyIsSatisfied   '^1.10.15',
35 silly dependencyIsSatisfied   'C:\\xampp\\htdocs\\fleetcart\\Modules\\Admin\\node_modules'
35 silly dependencyIsSatisfied ]
36 verbose dependencyIsSatisfied datatables.net false
37 silly hasDependencyInstalled admin-module datatables.net-bs
38 silly dependencyIsSatisfied [
38 silly dependencyIsSatisfied   'datatables.net-bs',
38 silly dependencyIsSatisfied   '^1.10.15',
38 silly dependencyIsSatisfied   'C:\\xampp\\htdocs\\fleetcart\\Modules\\Admin\\node_modules'
38 silly dependencyIsSatisfied ]
39 verbose dependencyIsSatisfied datatables.net-bs false
40 silly hasDependencyInstalled storefront-theme devbridge-autocomplete
41 silly dependencyIsSatisfied [
41 silly dependencyIsSatisfied   'devbridge-autocomplete',
41 silly dependencyIsSatisfied   '^1.4.9',
41 silly dependencyIsSatisfied   'C:\\xampp\\htdocs\\fleetcart\\Themes\\Storefront\\node_modules'
41 silly dependencyIsSatisfied ]
42 verbose dependencyIsSatisfied devbridge-autocomplete false
43 silly hasDependencyInstalled storefront-theme drift-zoom
44 silly dependencyIsSatisfied [
44 silly dependencyIsSatisfied   'drift-zoom',
44 silly dependencyIsSatisfied   '^1.3.0',
44 silly dependencyIsSatisfied   'C:\\xampp\\htdocs\\fleetcart\\Themes\\Storefront\\node_modules'
44 silly dependencyIsSatisfied ]
45 verbose dependencyIsSatisfied drift-zoom false
46 silly hasDependencyInstalled media-module dropzone
47 silly dependencyIsSatisfied [
47 silly dependencyIsSatisfied   'dropzone',
47 silly dependencyIsSatisfied   '^5.4.0',
47 silly dependencyIsSatisfied   'C:\\xampp\\htdocs\\fleetcart\\Modules\\Media\\node_modules'
47 silly dependencyIsSatisfied ]
48 verbose dependencyIsSatisfied dropzone false
49 silly hasDependencyInstalled admin-module flatpickr
50 silly dependencyIsSatisfied [
50 silly dependencyIsSatisfied   'flatpickr',
50 silly dependencyIsSatisfied   '^3.0.6',
50 silly dependencyIsSatisfied   'C:\\xampp\\htdocs\\fleetcart\\Modules\\Admin\\node_modules'
50 silly dependencyIsSatisfied ]
51 verbose dependencyIsSatisfied flatpickr false
52 silly hasDependencyInstalled admin-module jquery
53 silly dependencyIsSatisfied [
53 silly dependencyIsSatisfied   'jquery',
53 silly dependencyIsSatisfied   '^3.2.1',
53 silly dependencyIsSatisfied   'C:\\xampp\\htdocs\\fleetcart\\Modules\\Admin\\node_modules'
53 silly dependencyIsSatisfied ]
54 verbose dependencyIsSatisfied jquery false
55 silly hasDependencyInstalled storefront-theme jquery
56 silly dependencyIsSatisfied [
56 silly dependencyIsSatisfied   'jquery',
56 silly dependencyIsSatisfied   '^3.3.1',
56 silly dependencyIsSatisfied   'C:\\xampp\\htdocs\\fleetcart\\Themes\\Storefront\\node_modules'
56 silly dependencyIsSatisfied ]
57 verbose dependencyIsSatisfied jquery false
58 silly hasDependencyInstalled admin-module jquery-slimscroll
59 silly dependencyIsSatisfied [
59 silly dependencyIsSatisfied   'jquery-slimscroll',
59 silly dependencyIsSatisfied   '^1.3.8',
59 silly dependencyIsSatisfied   'C:\\xampp\\htdocs\\fleetcart\\Modules\\Admin\\node_modules'
59 silly dependencyIsSatisfied ]
60 verbose dependencyIsSatisfied jquery-slimscroll false
61 silly hasDependencyInstalled storefront-theme jquery-slimscroll
62 silly dependencyIsSatisfied [
62 silly dependencyIsSatisfied   'jquery-slimscroll',
62 silly dependencyIsSatisfied   '^1.3.8',
62 silly dependencyIsSatisfied   'C:\\xampp\\htdocs\\fleetcart\\Themes\\Storefront\\node_modules'
62 silly dependencyIsSatisfied ]
63 verbose dependencyIsSatisfied jquery-slimscroll false
64 silly hasDependencyInstalled storefront-theme jquery.easing
65 silly dependencyIsSatisfied [
65 silly dependencyIsSatisfied   'jquery.easing',
65 silly dependencyIsSatisfied   '^1.4.1',
65 silly dependencyIsSatisfied   'C:\\xampp\\htdocs\\fleetcart\\Themes\\Storefront\\node_modules'
65 silly dependencyIsSatisfied ]
66 verbose dependencyIsSatisfied jquery.easing false
67 silly hasDependencyInstalled admin-module lodash
68 silly dependencyIsSatisfied [
68 silly dependencyIsSatisfied   'lodash',
68 silly dependencyIsSatisfied   '^4.17.4',
68 silly dependencyIsSatisfied   'C:\\xampp\\htdocs\\fleetcart\\Modules\\Admin\\node_modules'
68 silly dependencyIsSatisfied ]
69 verbose dependencyIsSatisfied lodash false
70 silly hasDependencyInstalled admin-module mousetrap
71 silly dependencyIsSatisfied [
71 silly dependencyIsSatisfied   'mousetrap',
71 silly dependencyIsSatisfied   '^1.6.1',
71 silly dependencyIsSatisfied   'C:\\xampp\\htdocs\\fleetcart\\Modules\\Admin\\node_modules'
71 silly dependencyIsSatisfied ]
72 verbose dependencyIsSatisfied mousetrap false
73 silly hasDependencyInstalled menu-module nestable2
74 silly dependencyIsSatisfied [
74 silly dependencyIsSatisfied   'nestable2',
74 silly dependencyIsSatisfied   '^1.6.0',
74 silly dependencyIsSatisfied   'C:\\xampp\\htdocs\\fleetcart\\Modules\\Menu\\node_modules'
74 silly dependencyIsSatisfied ]
75 verbose dependencyIsSatisfied nestable2 false
76 silly hasDependencyInstalled storefront-theme nouislider
77 silly dependencyIsSatisfied [
77 silly dependencyIsSatisfied   'nouislider',
77 silly dependencyIsSatisfied   '^11.1.0',
77 silly dependencyIsSatisfied   'C:\\xampp\\htdocs\\fleetcart\\Themes\\Storefront\\node_modules'
77 silly dependencyIsSatisfied ]
78 verbose dependencyIsSatisfied nouislider false
79 silly hasDependencyInstalled admin-module nprogress
80 silly dependencyIsSatisfied [
80 silly dependencyIsSatisfied   'nprogress',
80 silly dependencyIsSatisfied   '^0.2.0',
80 silly dependencyIsSatisfied   'C:\\xampp\\htdocs\\fleetcart\\Modules\\Admin\\node_modules'
80 silly dependencyIsSatisfied ]
81 verbose dependencyIsSatisfied nprogress false
82 silly hasDependencyInstalled admin-module selectize
83 silly dependencyIsSatisfied [
83 silly dependencyIsSatisfied   'selectize',
83 silly dependencyIsSatisfied   '^0.12.6',
83 silly dependencyIsSatisfied   'C:\\xampp\\htdocs\\fleetcart\\Modules\\Admin\\node_modules'
83 silly dependencyIsSatisfied ]
84 verbose dependencyIsSatisfied selectize false
85 silly hasDependencyInstalled storefront-theme selectize
86 silly dependencyIsSatisfied [
86 silly dependencyIsSatisfied   'selectize',
86 silly dependencyIsSatisfied   '^0.12.6',
86 silly dependencyIsSatisfied   'C:\\xampp\\htdocs\\fleetcart\\Themes\\Storefront\\node_modules'
86 silly dependencyIsSatisfied ]
87 verbose dependencyIsSatisfied selectize false
88 silly hasDependencyInstalled storefront-theme slick-carousel
89 silly dependencyIsSatisfied [
89 silly dependencyIsSatisfied   'slick-carousel',
89 silly dependencyIsSatisfied   '^1.7.1',
89 silly dependencyIsSatisfied   'C:\\xampp\\htdocs\\fleetcart\\Themes\\Storefront\\node_modules'
89 silly dependencyIsSatisfied ]
90 verbose dependencyIsSatisfied slick-carousel false
91 silly hasDependencyInstalled storefront-theme slick-lightbox
92 silly dependencyIsSatisfied [
92 silly dependencyIsSatisfied   'slick-lightbox',
92 silly dependencyIsSatisfied   '^0.2.10',
92 silly dependencyIsSatisfied   'C:\\xampp\\htdocs\\fleetcart\\Themes\\Storefront\\node_modules'
92 silly dependencyIsSatisfied ]
93 verbose dependencyIsSatisfied slick-lightbox false
94 silly hasDependencyInstalled admin-module sortablejs
95 silly dependencyIsSatisfied [
95 silly dependencyIsSatisfied   'sortablejs',
95 silly dependencyIsSatisfied   'https://github.com/RubaXa/Sortable',
95 silly dependencyIsSatisfied   'C:\\xampp\\htdocs\\fleetcart\\Modules\\Admin\\node_modules'
95 silly dependencyIsSatisfied ]
96 verbose dependencyIsSatisfied sortablejs false
97 silly hasDependencyInstalled admin-module tinymce
98 silly dependencyIsSatisfied [
98 silly dependencyIsSatisfied   'tinymce',
98 silly dependencyIsSatisfied   '^4.6.4',
98 silly dependencyIsSatisfied   'C:\\xampp\\htdocs\\fleetcart\\Modules\\Admin\\node_modules'
98 silly dependencyIsSatisfied ]
99 verbose dependencyIsSatisfied tinymce false
100 silly hasDependencyInstalled admin-module font-awesome
101 silly dependencyIsSatisfied [
101 silly dependencyIsSatisfied   'font-awesome',
101 silly dependencyIsSatisfied   '^4.7.0',
101 silly dependencyIsSatisfied   'C:\\xampp\\htdocs\\fleetcart\\Modules\\Admin\\node_modules'
101 silly dependencyIsSatisfied ]
102 verbose dependencyIsSatisfied font-awesome false
103 silly hasDependencyInstalled storefront-theme font-awesome
104 silly dependencyIsSatisfied [
104 silly dependencyIsSatisfied   'font-awesome',
104 silly dependencyIsSatisfied   '^4.7.0',
104 silly dependencyIsSatisfied   'C:\\xampp\\htdocs\\fleetcart\\Themes\\Storefront\\node_modules'
104 silly dependencyIsSatisfied ]
105 verbose dependencyIsSatisfied font-awesome false
106 silly hasDependencyInstalled category-module jstree
107 silly dependencyIsSatisfied [
107 silly dependencyIsSatisfied   'jstree',
107 silly dependencyIsSatisfied   '^3.3.4',
107 silly dependencyIsSatisfied   'C:\\xampp\\htdocs\\fleetcart\\Modules\\Category\\node_modules'
107 silly dependencyIsSatisfied ]
108 verbose dependencyIsSatisfied jstree false
109 silly hasDependencyInstalled translation-module x-editable
110 silly dependencyIsSatisfied [
110 silly dependencyIsSatisfied   'x-editable',
110 silly dependencyIsSatisfied   '^1.5.1',
110 silly dependencyIsSatisfied   'C:\\xampp\\htdocs\\fleetcart\\Modules\\Translation\\node_modules'
110 silly dependencyIsSatisfied ]
111 verbose dependencyIsSatisfied x-editable false
112 silly hasDependencyInstalled storefront-theme animate.css
113 silly dependencyIsSatisfied [
113 silly dependencyIsSatisfied   'animate.css',
113 silly dependencyIsSatisfied   '^3.5.2',
113 silly dependencyIsSatisfied   'C:\\xampp\\htdocs\\fleetcart\\Themes\\Storefront\\node_modules'
113 silly dependencyIsSatisfied ]
114 verbose dependencyIsSatisfied animate.css false
115 silly root dependencies []
116 silly leaf dependencies {
116 silly leaf dependencies   "admin-module": [
116 silly leaf dependencies     {
116 silly leaf dependencies       "dependency": "bootstrap@^3.3.7",
116 silly leaf dependencies       "isSatisfied": false
116 silly leaf dependencies     },
116 silly leaf dependencies     {
116 silly leaf dependencies       "dependency": "chart.js@^2.7.3",
116 silly leaf dependencies       "isSatisfied": false
116 silly leaf dependencies     },
116 silly leaf dependencies     {
116 silly leaf dependencies       "dependency": "datatables.net@^1.10.15",
116 silly leaf dependencies       "isSatisfied": false
116 silly leaf dependencies     },
116 silly leaf dependencies     {
116 silly leaf dependencies       "dependency": "datatables.net-bs@^1.10.15",
116 silly leaf dependencies       "isSatisfied": false
116 silly leaf dependencies     },
116 silly leaf dependencies     {
116 silly leaf dependencies       "dependency": "flatpickr@^3.0.6",
116 silly leaf dependencies       "isSatisfied": false
116 silly leaf dependencies     },
116 silly leaf dependencies     {
116 silly leaf dependencies       "dependency": "jquery@^3.2.1",
116 silly leaf dependencies       "isSatisfied": false
116 silly leaf dependencies     },
116 silly leaf dependencies     {
116 silly leaf dependencies       "dependency": "jquery-slimscroll@^1.3.8",
116 silly leaf dependencies       "isSatisfied": false
116 silly leaf dependencies     },
116 silly leaf dependencies     {
116 silly leaf dependencies       "dependency": "lodash@^4.17.4",
116 silly leaf dependencies       "isSatisfied": false
116 silly leaf dependencies     },
116 silly leaf dependencies     {
116 silly leaf dependencies       "dependency": "mousetrap@^1.6.1",
116 silly leaf dependencies       "isSatisfied": false
116 silly leaf dependencies     },
116 silly leaf dependencies     {
116 silly leaf dependencies       "dependency": "nprogress@^0.2.0",
116 silly leaf dependencies       "isSatisfied": false
116 silly leaf dependencies     },
116 silly leaf dependencies     {
116 silly leaf dependencies       "dependency": "selectize@^0.12.6",
116 silly leaf dependencies       "isSatisfied": false
116 silly leaf dependencies     },
116 silly leaf dependencies     {
116 silly leaf dependencies       "dependency": "sortablejs@https://github.com/RubaXa/Sortable",
116 silly leaf dependencies       "isSatisfied": false
116 silly leaf dependencies     },
116 silly leaf dependencies     {
116 silly leaf dependencies       "dependency": "tinymce@^4.6.4",
116 silly leaf dependencies       "isSatisfied": false
116 silly leaf dependencies     },
116 silly leaf dependencies     {
116 silly leaf dependencies       "dependency": "font-awesome@^4.7.0",
116 silly leaf dependencies       "isSatisfied": false
116 silly leaf dependencies     }
116 silly leaf dependencies   ],
116 silly leaf dependencies   "storefront-theme": [
116 silly leaf dependencies     {
116 silly leaf dependencies       "dependency": "bootstrap@^3.3.7",
116 silly leaf dependencies       "isSatisfied": false
116 silly leaf dependencies     },
116 silly leaf dependencies     {
116 silly leaf dependencies       "dependency": "devbridge-autocomplete@^1.4.9",
116 silly leaf dependencies       "isSatisfied": false
116 silly leaf dependencies     },
116 silly leaf dependencies     {
116 silly leaf dependencies       "dependency": "drift-zoom@^1.3.0",
116 silly leaf dependencies       "isSatisfied": false
116 silly leaf dependencies     },
116 silly leaf dependencies     {
116 silly leaf dependencies       "dependency": "jquery@^3.3.1",
116 silly leaf dependencies       "isSatisfied": false
116 silly leaf dependencies     },
116 silly leaf dependencies     {
116 silly leaf dependencies       "dependency": "jquery-slimscroll@^1.3.8",
116 silly leaf dependencies       "isSatisfied": false
116 silly leaf dependencies     },
116 silly leaf dependencies     {
116 silly leaf dependencies       "dependency": "jquery.easing@^1.4.1",
116 silly leaf dependencies       "isSatisfied": false
116 silly leaf dependencies     },
116 silly leaf dependencies     {
116 silly leaf dependencies       "dependency": "nouislider@^11.1.0",
116 silly leaf dependencies       "isSatisfied": false
116 silly leaf dependencies     },
116 silly leaf dependencies     {
116 silly leaf dependencies       "dependency": "selectize@^0.12.6",
116 silly leaf dependencies       "isSatisfied": false
116 silly leaf dependencies     },
116 silly leaf dependencies     {
116 silly leaf dependencies       "dependency": "slick-carousel@^1.7.1",
116 silly leaf dependencies       "isSatisfied": false
116 silly leaf dependencies     },
116 silly leaf dependencies     {
116 silly leaf dependencies       "dependency": "slick-lightbox@^0.2.10",
116 silly leaf dependencies       "isSatisfied": false
116 silly leaf dependencies     },
116 silly leaf dependencies     {
116 silly leaf dependencies       "dependency": "font-awesome@^4.7.0",
116 silly leaf dependencies       "isSatisfied": false
116 silly leaf dependencies     },
116 silly leaf dependencies     {
116 silly leaf dependencies       "dependency": "animate.css@^3.5.2",
116 silly leaf dependencies       "isSatisfied": false
116 silly leaf dependencies     }
116 silly leaf dependencies   ],
116 silly leaf dependencies   "media-module": [
116 silly leaf dependencies     {
116 silly leaf dependencies       "dependency": "dropzone@^5.4.0",
116 silly leaf dependencies       "isSatisfied": false
116 silly leaf dependencies     }
116 silly leaf dependencies   ],
116 silly leaf dependencies   "menu-module": [
116 silly leaf dependencies     {
116 silly leaf dependencies       "dependency": "nestable2@^1.6.0",
116 silly leaf dependencies       "isSatisfied": false
116 silly leaf dependencies     }
116 silly leaf dependencies   ],
116 silly leaf dependencies   "category-module": [
116 silly leaf dependencies     {
116 silly leaf dependencies       "dependency": "jstree@^3.3.4",
116 silly leaf dependencies       "isSatisfied": false
116 silly leaf dependencies     }
116 silly leaf dependencies   ],
116 silly leaf dependencies   "translation-module": [
116 silly leaf dependencies     {
116 silly leaf dependencies       "dependency": "x-editable@^1.5.1",
116 silly leaf dependencies       "isSatisfied": false
116 silly leaf dependencies     }
116 silly leaf dependencies   ]
116 silly leaf dependencies }
117 info Installing external dependencies
118 verbose actions 6 actions, concurrency 4
119 silly installInDir Admin [
119 silly installInDir   'bootstrap@^3.3.7',
119 silly installInDir   'chart.js@^2.7.3',
119 silly installInDir   'datatables.net@^1.10.15',
119 silly installInDir   'datatables.net-bs@^1.10.15',
119 silly installInDir   'flatpickr@^3.0.6',
119 silly installInDir   'jquery@^3.2.1',
119 silly installInDir   'jquery-slimscroll@^1.3.8',
119 silly installInDir   'lodash@^4.17.4',
119 silly installInDir   'mousetrap@^1.6.1',
119 silly installInDir   'nprogress@^0.2.0',
119 silly installInDir   'selectize@^0.12.6',
119 silly installInDir   'sortablejs@https://github.com/RubaXa/Sortable',
119 silly installInDir   'tinymce@^4.6.4',
119 silly installInDir   'font-awesome@^4.7.0'
119 silly installInDir ]
120 silly installInDir backup C:\xampp\htdocs\fleetcart\Modules\Admin\package.json
121 silly rename [
121 silly rename   'C:\\xampp\\htdocs\\fleetcart\\Modules\\Admin\\package.json',
121 silly rename   'C:\\xampp\\htdocs\\fleetcart\\Modules\\Admin\\package.json.lerna_backup'
121 silly rename ]
122 silly installInDir Storefront [
122 silly installInDir   'bootstrap@^3.3.7',
122 silly installInDir   'devbridge-autocomplete@^1.4.9',
122 silly installInDir   'drift-zoom@^1.3.0',
122 silly installInDir   'jquery@^3.3.1',
122 silly installInDir   'jquery-slimscroll@^1.3.8',
122 silly installInDir   'jquery.easing@^1.4.1',
122 silly installInDir   'nouislider@^11.1.0',
122 silly installInDir   'selectize@^0.12.6',
122 silly installInDir   'slick-carousel@^1.7.1',
122 silly installInDir   'slick-lightbox@^0.2.10',
122 silly installInDir   'font-awesome@^4.7.0',
122 silly installInDir   'animate.css@^3.5.2'
122 silly installInDir ]
123 silly installInDir backup C:\xampp\htdocs\fleetcart\Themes\Storefront\package.json
124 silly rename [
124 silly rename   'C:\\xampp\\htdocs\\fleetcart\\Themes\\Storefront\\package.json',
124 silly rename   'C:\\xampp\\htdocs\\fleetcart\\Themes\\Storefront\\package.json.lerna_backup'
124 silly rename ]
125 silly installInDir Media [ 'dropzone@^5.4.0' ]
126 silly installInDir backup C:\xampp\htdocs\fleetcart\Modules\Media\package.json
127 silly rename [
127 silly rename   'C:\\xampp\\htdocs\\fleetcart\\Modules\\Media\\package.json',
127 silly rename   'C:\\xampp\\htdocs\\fleetcart\\Modules\\Media\\package.json.lerna_backup'
127 silly rename ]
128 silly installInDir Menu [ 'nestable2@^1.6.0' ]
129 silly installInDir backup C:\xampp\htdocs\fleetcart\Modules\Menu\package.json
130 silly rename [
130 silly rename   'C:\\xampp\\htdocs\\fleetcart\\Modules\\Menu\\package.json',
130 silly rename   'C:\\xampp\\htdocs\\fleetcart\\Modules\\Menu\\package.json.lerna_backup'
130 silly rename ]
131 silly installInDir writing tempJson {
131 silly installInDir   dependencies: {
131 silly installInDir     bootstrap: '^3.3.7',
131 silly installInDir     'devbridge-autocomplete': '^1.4.9',
131 silly installInDir     'drift-zoom': '^1.3.0',
131 silly installInDir     jquery: '^3.3.1',
131 silly installInDir     'jquery-slimscroll': '^1.3.8',
131 silly installInDir     'jquery.easing': '^1.4.1',
131 silly installInDir     nouislider: '^11.1.0',
131 silly installInDir     selectize: '^0.12.6',
131 silly installInDir     'slick-carousel': '^1.7.1',
131 silly installInDir     'slick-lightbox': '^0.2.10',
131 silly installInDir     'font-awesome': '^4.7.0',
131 silly installInDir     'animate.css': '^3.5.2'
131 silly installInDir   }
131 silly installInDir }
132 silly installInDir writing tempJson {
132 silly installInDir   dependencies: {
132 silly installInDir     bootstrap: '^3.3.7',
132 silly installInDir     'chart.js': '^2.7.3',
132 silly installInDir     'datatables.net': '^1.10.15',
132 silly installInDir     'datatables.net-bs': '^1.10.15',
132 silly installInDir     flatpickr: '^3.0.6',
132 silly installInDir     jquery: '^3.2.1',
132 silly installInDir     'jquery-slimscroll': '^1.3.8',
132 silly installInDir     lodash: '^4.17.4',
132 silly installInDir     mousetrap: '^1.6.1',
132 silly installInDir     nprogress: '^0.2.0',
132 silly installInDir     selectize: '^0.12.6',
132 silly installInDir     sortablejs: 'https://github.com/RubaXa/Sortable',
132 silly installInDir     tinymce: '^4.6.4',
132 silly installInDir     'font-awesome': '^4.7.0'
132 silly installInDir   }
132 silly installInDir }
133 silly installInDir writing tempJson { dependencies: { dropzone: '^5.4.0' } }
134 silly installInDir writing tempJson { dependencies: { nestable2: '^1.6.0' } }
135 silly getExecOpts { cwd: 'C:\\xampp\\htdocs\\fleetcart\\Themes\\Storefront' }
136 silly installInDir [
136 silly installInDir   'yarn',
136 silly installInDir   [ 'install', '--mutex', 'network:42424', '--non-interactive' ]
136 silly installInDir ]
137 silly getExecOpts { cwd: 'C:\\xampp\\htdocs\\fleetcart\\Modules\\Admin' }
138 silly installInDir [
138 silly installInDir   'yarn',
138 silly installInDir   [ 'install', '--mutex', 'network:42424', '--non-interactive' ]
138 silly installInDir ]
139 silly getExecOpts { cwd: 'C:\\xampp\\htdocs\\fleetcart\\Modules\\Media' }
140 silly installInDir [
140 silly installInDir   'yarn',
140 silly installInDir   [ 'install', '--mutex', 'network:42424', '--non-interactive' ]
140 silly installInDir ]
141 silly getExecOpts { cwd: 'C:\\xampp\\htdocs\\fleetcart\\Modules\\Menu' }
142 silly installInDir [
142 silly installInDir   'yarn',
142 silly installInDir   [ 'install', '--mutex', 'network:42424', '--non-interactive' ]
142 silly installInDir ]
143 silly installInDir cleanup C:\xampp\htdocs\fleetcart\Themes\Storefront\package.json
144 silly renameSync [
144 silly renameSync   'C:\\xampp\\htdocs\\fleetcart\\Themes\\Storefront\\package.json.lerna_backup',
144 silly renameSync   'C:\\xampp\\htdocs\\fleetcart\\Themes\\Storefront\\package.json'
144 silly renameSync ]
145 verbose installed leaf storefront-theme
146 error execute callback with error
147 error Error: spawn yarn ENOENT
147 error     at notFoundError (C:\xampp\htdocs\fleetcart\node_modules\lerna\node_modules\cross-spawn\lib\enoent.js:11:11)
147 error     at verifyENOENT (C:\xampp\htdocs\fleetcart\node_modules\lerna\node_modules\cross-spawn\lib\enoent.js:46:16)
147 error     at ChildProcess.cp.emit (C:\xampp\htdocs\fleetcart\node_modules\lerna\node_modules\cross-spawn\lib\enoent.js:33:19)
